<?xml version="1.0" encoding="UTF-8"?>
<!-- Generated by org.testng.reporters.JUnitXMLReporter -->
<testsuite ignored="0" hostname="EPUALVIW1030" failures="9" tests="9" name="RestClientTest" time="18.519" errors="0" timestamp="14 Nov 2017 11:56:48 GMT">
  <testcase classname="com.epam.lab.restClient.RESTClientTest" name="maxBackDistanceTest" time="1.019">
    <failure type="java.lang.NullPointerException">
      <![CDATA[java.lang.NullPointerException
	at com.epam.lab.restClient.RESTClientTest.maxBackDistanceTest(RESTClientTest.java:114)
... Removed 28 stack frames]]>
    </failure>
  </testcase> <!-- maxBackDistanceTest -->
  <testcase classname="com.epam.lab.restClient.RESTClientTest" name="maxDownRangeTest" time="1.03">
    <failure type="java.lang.NullPointerException">
      <![CDATA[java.lang.NullPointerException
	at com.epam.lab.restClient.RESTClientTest.maxDownRangeTest(RESTClientTest.java:90)
... Removed 28 stack frames]]>
    </failure>
  </testcase> <!-- maxDownRangeTest -->
  <testcase classname="com.epam.lab.restClient.RESTClientTest" name="maxForwardDistanceTest" time="1.026">
    <failure type="java.lang.NullPointerException">
      <![CDATA[java.lang.NullPointerException
	at com.epam.lab.restClient.RESTClientTest.maxForwardDistanceTest(RESTClientTest.java:102)
... Removed 28 stack frames]]>
    </failure>
  </testcase> <!-- maxForwardDistanceTest -->
  <testcase classname="com.epam.lab.restClient.RESTClientTest" name="maxUpRangeTest" time="1.011">
    <failure type="java.lang.NullPointerException">
      <![CDATA[java.lang.NullPointerException
	at com.epam.lab.restClient.RESTClientTest.maxUpRangeTest(RESTClientTest.java:77)
... Removed 28 stack frames]]>
    </failure>
  </testcase> <!-- maxUpRangeTest -->
  <testcase classname="com.epam.lab.restClient.RESTClientTest" name="moveBackTest" time="1.009">
    <failure type="java.lang.AssertionError" message="expected object to not be null">
      <![CDATA[java.lang.AssertionError: expected object to not be null
	at com.epam.lab.restClient.RESTClientTest.moveBackTest(RESTClientTest.java:51)
... Removed 31 stack frames]]>
    </failure>
  </testcase> <!-- moveBackTest -->
  <testcase classname="com.epam.lab.restClient.RESTClientTest" name="moveDownTest" time="1.008">
    <failure type="java.lang.AssertionError" message="expected object to not be null">
      <![CDATA[java.lang.AssertionError: expected object to not be null
	at com.epam.lab.restClient.RESTClientTest.moveDownTest(RESTClientTest.java:60)
... Removed 31 stack frames]]>
    </failure>
  </testcase> <!-- moveDownTest -->
  <testcase classname="com.epam.lab.restClient.RESTClientTest" name="moveForwardTest" time="1.011">
    <failure type="java.lang.AssertionError" message="expected object to not be null">
      <![CDATA[java.lang.AssertionError: expected object to not be null
	at com.epam.lab.restClient.RESTClientTest.moveForwardTest(RESTClientTest.java:42)
... Removed 31 stack frames]]>
    </failure>
  </testcase> <!-- moveForwardTest -->
  <testcase classname="com.epam.lab.restClient.RESTClientTest" name="moveUpTest" time="1.012">
    <failure type="java.lang.AssertionError" message="expected object to not be null">
      <![CDATA[java.lang.AssertionError: expected object to not be null
	at com.epam.lab.restClient.RESTClientTest.moveUpTest(RESTClientTest.java:33)
... Removed 31 stack frames]]>
    </failure>
  </testcase> <!-- moveUpTest -->
  <testcase classname="com.epam.lab.restClient.RESTClientTest" name="stopTest" time="1.006">
    <failure type="java.lang.AssertionError" message="expected object to not be null">
      <![CDATA[java.lang.AssertionError: expected object to not be null
	at com.epam.lab.restClient.RESTClientTest.stopTest(RESTClientTest.java:69)
... Removed 31 stack frames]]>
    </failure>
  </testcase> <!-- stopTest -->
</testsuite> <!-- RestClientTest -->
