<?xml version="1.0" encoding="UTF-8"?>
<!-- Generated by org.testng.reporters.JUnitXMLReporter -->
<testsuite ignored="0" hostname="EPUALVIW1030" failures="0" tests="9" name="SOAPClientTest" time="0.004" errors="0" timestamp="14 Nov 2017 11:56:48 GMT">
  <testcase classname="com.epam.lab.soapClient.SOAPClientTest" name="@BeforeClass setUp" time="0.002">
    <failure type="java.lang.NoClassDefFoundError" message="javax/xml/ws/Service">
      <![CDATA[java.lang.NoClassDefFoundError: javax/xml/ws/Service
	at java.base/java.lang.ClassLoader.defineClass1(Native Method)
	at java.base/java.lang.ClassLoader.defineClass(ClassLoader.java:1007)
	at java.base/java.security.SecureClassLoader.defineClass(SecureClassLoader.java:174)
	at java.base/jdk.internal.loader.BuiltinClassLoader.defineClass(BuiltinClassLoader.java:801)
	at java.base/jdk.internal.loader.BuiltinClassLoader.findClassOnClassPathOrNull(BuiltinClassLoader.java:699)
	at java.base/jdk.internal.loader.BuiltinClassLoader.loadClassOrNull(BuiltinClassLoader.java:622)
	at java.base/jdk.internal.loader.BuiltinClassLoader.loadClass(BuiltinClassLoader.java:580)
	at java.base/jdk.internal.loader.ClassLoaders$AppClassLoader.loadClass(ClassLoaders.java:185)
	at java.base/java.lang.ClassLoader.loadClass(ClassLoader.java:496)
	at com.epam.lab.factory.ClientSelector.getClient(ClientSelector.java:15)
	at com.epam.lab.soapClient.SOAPClientTest.setUp(SOAPClientTest.java:22)
Caused by: java.lang.ClassNotFoundException: javax.xml.ws.Service
	at java.base/jdk.internal.loader.BuiltinClassLoader.loadClass(BuiltinClassLoader.java:582)
	at java.base/jdk.internal.loader.ClassLoaders$AppClassLoader.loadClass(ClassLoaders.java:185)
	at java.base/java.lang.ClassLoader.loadClass(ClassLoader.java:496)
	... 39 more
... Removed 28 stack frames]]>
    </failure>
  </testcase> <!-- @BeforeClass setUp -->
  <testcase classname="com.epam.lab.soapClient.SOAPClientTest" name="@BeforeMethod beforeTest" time="0.0">
    <skipped/>
  </testcase> <!-- @BeforeMethod beforeTest -->
  <testcase classname="com.epam.lab.soapClient.SOAPClientTest" name="@BeforeMethod beforeTest" time="0.0">
    <skipped/>
  </testcase> <!-- @BeforeMethod beforeTest -->
  <testcase classname="com.epam.lab.soapClient.SOAPClientTest" name="@BeforeMethod beforeTest" time="0.0">
    <skipped/>
  </testcase> <!-- @BeforeMethod beforeTest -->
  <testcase classname="com.epam.lab.soapClient.SOAPClientTest" name="@BeforeMethod beforeTest" time="0.0">
    <skipped/>
  </testcase> <!-- @BeforeMethod beforeTest -->
  <testcase classname="com.epam.lab.soapClient.SOAPClientTest" name="@BeforeMethod beforeTest" time="0.0">
    <skipped/>
  </testcase> <!-- @BeforeMethod beforeTest -->
  <testcase classname="com.epam.lab.soapClient.SOAPClientTest" name="@BeforeMethod beforeTest" time="0.0">
    <skipped/>
  </testcase> <!-- @BeforeMethod beforeTest -->
  <testcase classname="com.epam.lab.soapClient.SOAPClientTest" name="@BeforeMethod beforeTest" time="0.0">
    <skipped/>
  </testcase> <!-- @BeforeMethod beforeTest -->
  <testcase classname="com.epam.lab.soapClient.SOAPClientTest" name="@BeforeMethod beforeTest" time="0.0">
    <skipped/>
  </testcase> <!-- @BeforeMethod beforeTest -->
  <testcase classname="com.epam.lab.soapClient.SOAPClientTest" name="@BeforeMethod beforeTest" time="0.0">
    <skipped/>
  </testcase> <!-- @BeforeMethod beforeTest -->
  <testcase classname="com.epam.lab.soapClient.SOAPClientTest" name="maxBackDistanceTest" time="0.0">
    <skipped/>
  </testcase> <!-- maxBackDistanceTest -->
  <testcase classname="com.epam.lab.soapClient.SOAPClientTest" name="maxDownRangeTest" time="0.0">
    <skipped/>
  </testcase> <!-- maxDownRangeTest -->
  <testcase classname="com.epam.lab.soapClient.SOAPClientTest" name="maxForwardDistanceTest" time="0.0">
    <skipped/>
  </testcase> <!-- maxForwardDistanceTest -->
  <testcase classname="com.epam.lab.soapClient.SOAPClientTest" name="maxUpRangeTest" time="0.0">
    <skipped/>
  </testcase> <!-- maxUpRangeTest -->
  <testcase classname="com.epam.lab.soapClient.SOAPClientTest" name="moveBackTest" time="0.0">
    <skipped/>
  </testcase> <!-- moveBackTest -->
  <testcase classname="com.epam.lab.soapClient.SOAPClientTest" name="moveDownTest" time="0.0">
    <skipped/>
  </testcase> <!-- moveDownTest -->
  <testcase classname="com.epam.lab.soapClient.SOAPClientTest" name="moveForwardTest" time="0.0">
    <skipped/>
  </testcase> <!-- moveForwardTest -->
  <testcase classname="com.epam.lab.soapClient.SOAPClientTest" name="moveUpTest" time="0.0">
    <skipped/>
  </testcase> <!-- moveUpTest -->
  <testcase classname="com.epam.lab.soapClient.SOAPClientTest" name="stopTest" time="0.0">
    <skipped/>
  </testcase> <!-- stopTest -->
</testsuite> <!-- SOAPClientTest -->
